<?xml version="1.0" encoding="UTF-8"?>
<!-- Generated by org.testng.reporters.JUnitXMLReporter -->
<testsuite ignored="0" hostname="DELL-3543" failures="0" tests="4" name="Test-Runner-2" time="87.954" errors="0" timestamp="2021-08-24T17:37:55 IST">
  <testcase classname="com.vtiger.comcast.contactstest.CreateContactsWithRefCheckBoxEnabled" name="CreateContWithNotify" time="7.656"/>
  <testcase classname="com.vtiger.comcast.contactstest.CreateContactsWithRefCheckBoxEnabled" name="CreateContWithPortal" time="11.16"/>
  <testcase classname="com.vtiger.comcast.contactstest.CreateContactsWithRefCheckBoxEnabled" name="CreateContWithReference" time="12.229"/>
  <testcase classname="com.vtiger.comcast.contactstest.CreateContactsWithRefCheckBoxEnabled" name="CreateContactsSaveEnabledTest" time="15.496"/>
</testsuite> <!-- Test-Runner-2 -->
