<?xml version="1.0" encoding="UTF-8"?>
<!-- Generated by org.testng.reporters.JUnitXMLReporter -->
<testsuite ignored="0" hostname="DELL-3543" failures="0" tests="2" name="Test-Runner-1" time="40.758" errors="0" timestamp="2021-08-24T17:37:08 IST">
  <testcase classname="com.vtiger.comcast.contactstest.CreateContactsWithSaveBtnEnabled" name="CreateContactCancelBtnTest" time="8.144"/>
  <testcase classname="com.vtiger.comcast.contactstest.CreateContactsWithSaveBtnEnabled" name="CreateContactsSaveEnabledTest" time="9.212"/>
</testsuite> <!-- Test-Runner-1 -->
