<?xml version="1.0" encoding="UTF-8"?>
<!-- Generated by org.testng.reporters.JUnitReportReporter -->
<testsuite hostname="DELL-3543" failures="0" tests="2" name="Vtiger_Reports.CreateOrg" time="28.112" errors="0" timestamp="2021-08-25T14:38:43 IST" skipped="0">
  <testcase classname="Vtiger_Reports.CreateOrg" name="OrgTitle" time="10.009"/>
  <system-out/>
  <testcase classname="Vtiger_Reports.CreateOrg" name="HomeTitle" time="18.103"/>
  <system-out/>
</testsuite> <!-- Vtiger_Reports.CreateOrg -->
