<?xml version="1.0" encoding="UTF-8"?>
<!-- Generated by org.testng.reporters.JUnitReportReporter -->
<testsuite hostname="DELL-3543" failures="0" tests="4" name="com.vtiger.comcast.contacts.CreateContactsWithRefCheckBoxEnabledTest" time="130.244" errors="0" timestamp="2021-08-27T16:27:27 IST" skipped="0">
  <testcase classname="com.vtiger.comcast.contacts.CreateContactsWithRefCheckBoxEnabledTest" name="CreateContWithPortal" time="20.956"/>
  <system-out/>
  <testcase classname="com.vtiger.comcast.contacts.CreateContactsWithRefCheckBoxEnabledTest" name="CreateContactsSaveEnabledTest" time="22.819"/>
  <system-out/>
  <testcase classname="com.vtiger.comcast.contacts.CreateContactsWithRefCheckBoxEnabledTest" name="CreateContWithNotify" time="64.762"/>
  <system-out/>
  <testcase classname="com.vtiger.comcast.contacts.CreateContactsWithRefCheckBoxEnabledTest" name="CreateContWithReference" time="21.707"/>
  <system-out/>
</testsuite> <!-- com.vtiger.comcast.contacts.CreateContactsWithRefCheckBoxEnabledTest -->
