<?xml version="1.0" encoding="UTF-8"?>
<!-- Generated by org.testng.reporters.JUnitReportReporter -->
<testsuite hostname="DELL-3543" failures="0" tests="2" name="com.vtiger.comcast.contactsTest.CreateContactsWithSaveBtnEnabledTest" time="43.667" errors="0" timestamp="2021-08-27T17:55:05 IST" skipped="0">
  <testcase classname="com.vtiger.comcast.contactsTest.CreateContactsWithSaveBtnEnabledTest" name="CreateContactCancelBtnTest" time="18.799"/>
  <system-out/>
  <testcase classname="com.vtiger.comcast.contactsTest.CreateContactsWithSaveBtnEnabledTest" name="CreateContactsSaveEnabledTest" time="24.868"/>
  <system-out/>
</testsuite> <!-- com.vtiger.comcast.contactsTest.CreateContactsWithSaveBtnEnabledTest -->
