<?xml version="1.0" encoding="UTF-8"?>
<!-- Generated by org.testng.reporters.JUnitReportReporter -->
<testsuite hostname="DELL-3543" failures="0" tests="4" name="com.vtiger.comcast.contactstest.CreateContactsWithRefCheckBoxEnabled" time="106.065" errors="0" timestamp="2021-08-26T11:01:55 IST" skipped="0">
  <testcase classname="com.vtiger.comcast.contactstest.CreateContactsWithRefCheckBoxEnabled" name="CreateContWithNotify" time="22.591"/>
  <system-out/>
  <testcase classname="com.vtiger.comcast.contactstest.CreateContactsWithRefCheckBoxEnabled" name="CreateContWithPortal" time="21.168"/>
  <system-out/>
  <testcase classname="com.vtiger.comcast.contactstest.CreateContactsWithRefCheckBoxEnabled" name="CreateContactsSaveEnabledTest" time="23.480"/>
  <system-out/>
  <testcase classname="com.vtiger.comcast.contactstest.CreateContactsWithRefCheckBoxEnabled" name="CreateContWithReference" time="38.826"/>
  <system-out/>
</testsuite> <!-- com.vtiger.comcast.contactstest.CreateContactsWithRefCheckBoxEnabled -->
