<?xml version="1.0" encoding="UTF-8"?>
<!-- Generated by org.testng.reporters.JUnitReportReporter -->
<testsuite hostname="DELL-3543" failures="0" tests="1" name="Vtiger_testngPractice.Sample1" time="0.017" errors="0" timestamp="2021-08-19T19:10:43 IST" skipped="0">
  <testcase classname="Vtiger_testngPractice.Sample1" name="test" time="0.017"/>
  <system-out/>
</testsuite> <!-- Vtiger_testngPractice.Sample1 -->
