<?xml version="1.0" encoding="UTF-8"?>
<!-- Generated by org.testng.reporters.JUnitReportReporter -->
<testsuite hostname="DELL-3543" failures="0" tests="1" name="com.vtiger.comcast.contactstest.CreateContactsWithNotifyCheckboxEnabled" time="63.591" errors="0" timestamp="2021-08-23T10:34:31 IST" skipped="0">
  <testcase classname="com.vtiger.comcast.contactstest.CreateContactsWithNotifyCheckboxEnabled" name="CreateContWithNotify" time="63.591"/>
  <system-out/>
</testsuite> <!-- com.vtiger.comcast.contactstest.CreateContactsWithNotifyCheckboxEnabled -->
