<?xml version="1.0" encoding="UTF-8"?>
<!-- Generated by org.testng.reporters.JUnitReportReporter -->
<testsuite hostname="DELL-3543" failures="0" tests="5" name="Vtiger_testngPractice.MMT_DataProvider" time="0.035" errors="0" timestamp="2021-08-23T22:10:39 IST" skipped="0">
  <testcase classname="Vtiger_testngPractice.MMT_DataProvider" name="bookTickets" time="0.003"/>
  <system-out/>
  <testcase classname="Vtiger_testngPractice.MMT_DataProvider" name="bookTickets" time="0.019"/>
  <system-out/>
  <testcase classname="Vtiger_testngPractice.MMT_DataProvider" name="bookTickets" time="0.004"/>
  <system-out/>
  <testcase classname="Vtiger_testngPractice.MMT_DataProvider" name="bookTickets" time="0.004"/>
  <system-out/>
  <testcase classname="Vtiger_testngPractice.MMT_DataProvider" name="bookTickets" time="0.005"/>
  <system-out/>
</testsuite> <!-- Vtiger_testngPractice.MMT_DataProvider -->
